<?xml version="1.0" encoding="UTF-8"?>
<!-- Generated by org.testng.reporters.JUnitReportReporter -->
<testsuite skipped="0" hostname="dell" name="com.cts.courierservice.servicetestcase.CourierserviceServiceTests" tests="5" failures="0" timestamp="2020-09-13T14:33:36 IST" time="0.077" errors="0">
  <testcase name="testcalculatePayableAmount" time="0.005" classname="com.cts.courierservice.servicetestcase.CourierserviceServiceTests"/>
  <system-out/>
  <testcase name="testgetCourierDateOfDelivery" time="0.052" classname="com.cts.courierservice.servicetestcase.CourierserviceServiceTests"/>
  <system-out/>
  <testcase name="testTrackingNumberIncremented" time="0.012" classname="com.cts.courierservice.servicetestcase.CourierserviceServiceTests"/>
  <system-out/>
  <testcase name="testgetCourierTrackingNumber" time="0.005" classname="com.cts.courierservice.servicetestcase.CourierserviceServiceTests"/>
  <system-out/>
  <testcase name="testgetCourierDateOfShipment" time="0.003" classname="com.cts.courierservice.servicetestcase.CourierserviceServiceTests"/>
  <system-out/>
</testsuite> <!-- com.cts.courierservice.servicetestcase.CourierserviceServiceTests -->
