<?xml version="1.0" encoding="UTF-8"?>
<!-- Generated by org.testng.reporters.JUnitReportReporter -->
<testsuite skipped="0" hostname="dell" name="com.cts.courierservice.seleniumtestcase.CourierBookingForm" tests="15" failures="0" timestamp="2020-09-13T14:33:14 IST" time="3.644" errors="0">
  <testcase name="testheadingPresent" time="0.050" classname="com.cts.courierservice.seleniumtestcase.CourierBookingForm"/>
  <system-out/>
  <testcase name="testcustomerNamePresentsTagNameType" time="0.045" classname="com.cts.courierservice.seleniumtestcase.CourierBookingForm"/>
  <system-out/>
  <testcase name="testcustomerCityPresentsTagNameType" time="0.018" classname="com.cts.courierservice.seleniumtestcase.CourierBookingForm"/>
  <system-out/>
  <testcase name="testmobileNumberPresentsTagNameType" time="0.026" classname="com.cts.courierservice.seleniumtestcase.CourierBookingForm"/>
  <system-out/>
  <testcase name="testcourierDeliveryAreaPresentsTagNameType" time="0.023" classname="com.cts.courierservice.seleniumtestcase.CourierBookingForm"/>
  <system-out/>
  <testcase name="testpacketWeightInGramsPresentsTagNameType" time="0.024" classname="com.cts.courierservice.seleniumtestcase.CourierBookingForm"/>
  <system-out/>
  <testcase name="testsubmitPresentsTagNameType" time="0.039" classname="com.cts.courierservice.seleniumtestcase.CourierBookingForm"/>
  <system-out/>
  <testcase name="testFormPresentActionValueMethodName" time="0.030" classname="com.cts.courierservice.seleniumtestcase.CourierBookingForm"/>
  <system-out/>
  <testcase name="testcustomerNameEmpty" time="0.122" classname="com.cts.courierservice.seleniumtestcase.CourierBookingForm"/>
  <system-out/>
  <testcase name="testmobileNumberWrong" time="0.126" classname="com.cts.courierservice.seleniumtestcase.CourierBookingForm"/>
  <system-out/>
  <testcase name="testcourierDeliveryAreaEmpty" time="0.394" classname="com.cts.courierservice.seleniumtestcase.CourierBookingForm"/>
  <system-out/>
  <testcase name="testpacketWeightInGramsWrong" time="0.117" classname="com.cts.courierservice.seleniumtestcase.CourierBookingForm"/>
  <system-out/>
  <testcase name="testcustomerCity" time="0.068" classname="com.cts.courierservice.seleniumtestcase.CourierBookingForm"/>
  <system-out/>
  <testcase name="testSubmitActionForOverWeight" time="1.682" classname="com.cts.courierservice.seleniumtestcase.CourierBookingForm"/>
  <system-out/>
  <testcase name="testSubmitAction" time="0.880" classname="com.cts.courierservice.seleniumtestcase.CourierBookingForm"/>
  <system-out/>
</testsuite> <!-- com.cts.courierservice.seleniumtestcase.CourierBookingForm -->
