<?xml version="1.0" encoding="UTF-8"?>
<!-- Generated by org.testng.reporters.JUnitReportReporter -->
<testsuite skipped="0" hostname="dell" name="com.cts.courierservice.CourierBookingForm" tests="1" failures="0" timestamp="2020-09-11T18:22:35 IST" time="1.099" errors="0">
  <testcase name="testSubmitActionForOverWeight" time="1.099" classname="com.cts.courierservice.CourierBookingForm"/>
  <system-out/>
</testsuite> <!-- com.cts.courierservice.CourierBookingForm -->
