<?xml version="1.0" encoding="UTF-8"?>
<!-- Generated by org.testng.reporters.JUnitReportReporter -->
<testsuite skipped="0" hostname="Sanjus-MacBook-Air.local" name="com.ict.springboot.selenium.BookPage" tests="13" failures="0" timestamp="2020-11-06T11:10:31 IST" time="66.240" errors="0">
  <testcase name="test8FeedbackFormTextBoxType" time="6.290" classname="com.ict.springboot.selenium.BookPage"/>
  <system-out/>
  <testcase name="test1headingPresent" time="4.473" classname="com.ict.springboot.selenium.BookPage"/>
  <system-out/>
  <testcase name="test3BookNamePresentsTagNameType" time="4.337" classname="com.ict.springboot.selenium.BookPage"/>
  <system-out/>
  <testcase name="test12subectPageBackLinkAndFeedbackLinkTextPresent" time="4.879" classname="com.ict.springboot.selenium.BookPage"/>
  <system-out/>
  <testcase name="test4OptionsEmpty" time="5.558" classname="com.ict.springboot.selenium.BookPage"/>
  <system-out/>
  <testcase name="test7FeedbackFormRatingType" time="4.514" classname="com.ict.springboot.selenium.BookPage"/>
  <system-out/>
  <testcase name="test11FeedbackResponseBackLinkTextPresent" time="5.003" classname="com.ict.springboot.selenium.BookPage"/>
  <system-out/>
  <testcase name="test13titlePageBackLinkAndFeedbackLinkTextPresent" time="4.954" classname="com.ict.springboot.selenium.BookPage"/>
  <system-out/>
  <testcase name="test2BookSearchOptionType" time="5.225" classname="com.ict.springboot.selenium.BookPage"/>
  <system-out/>
  <testcase name="test9BookControllerBySubject" time="5.606" classname="com.ict.springboot.selenium.BookPage"/>
  <system-out/>
  <testcase name="test6FeedbackheadingPresent" time="4.578" classname="com.ict.springboot.selenium.BookPage"/>
  <system-out/>
  <testcase name="test5TitleOrSubjectEmpty" time="4.543" classname="com.ict.springboot.selenium.BookPage"/>
  <system-out/>
  <testcase name="test10BookControllerByTitle" time="6.280" classname="com.ict.springboot.selenium.BookPage"/>
  <system-out/>
</testsuite> <!-- com.ict.springboot.selenium.BookPage -->
