<?xml version="1.0" encoding="UTF-8"?>
<!-- Generated by org.testng.reporters.JUnitReportReporter -->
<testsuite skipped="0" hostname="Sanjus-MacBook-Air.local" name="com.ict.springboot.service.BookServiceTest" tests="4" failures="0" timestamp="2020-09-22T10:33:59 IST" time="0.089" errors="0">
  <testcase name="testGetBooksOnSubject" time="0.068" classname="com.ict.springboot.service.BookServiceTest"/>
  <system-out/>
  <testcase name="testGetBookOnTitleNotAvailable" time="0.002" classname="com.ict.springboot.service.BookServiceTest"/>
  <system-out/>
  <testcase name="testGetBookOnTitle" time="0.010" classname="com.ict.springboot.service.BookServiceTest"/>
  <system-out/>
  <testcase name="testGetBooksOnSubjectNotAvailable" time="0.009" classname="com.ict.springboot.service.BookServiceTest"/>
  <system-out/>
</testsuite> <!-- com.ict.springboot.service.BookServiceTest -->
